<?xml version="1.0" encoding="UTF-8"?>
<!-- Generated by org.testng.reporters.JUnitReportReporter -->
<testsuite hostname="KRISHNA-450-UEV.local" failures="0" tests="1" name="APIPractice.APIPractice.SumValidations" time="1.864" errors="0" timestamp="2023-09-15T12:44:54 IST" skipped="0">
  <testcase classname="APIPractice.APIPractice.SumValidations" name="Sum" time="1.864"/>
</testsuite> <!-- APIPractice.APIPractice.SumValidations -->
